[11268:8636:0730/141900.628:INFO:login_database.cc(1403)] Password decryption failed, encryption_result is 1
[11268:10568:0730/141900.935:WARNING:discovery_network_list_win.cc(197)] Failed to open Wlan client handle: 1062
[11268:12384:0730/141901.753:ERROR:device_event_log_impl.cc(208)] [14:19:01.753] Bluetooth: bluetooth_adapter_winrt.cc:1074 Getting Default Adapter failed.
[11268:12384:0730/141906.510:INFO:CONSOLE(4)] "", source: https://aeu.alicdn.com/AWSC/uab/121.js?d=30 (4)
[11268:12384:0730/141907.278:INFO:CONSOLE(3)] "[AdGuard Userscript Module] Page tries to run userscript second time", source: https://local.adguard.org/?ts=1596090911043&name=AdGuard%20Popup%20Blocker&name=AdGuard%20Assistant&name=AdGuard%20Extra&type=user-script&_=1596107946715 (3)
[11268:12384:0730/141907.278:INFO:CONSOLE(3)] "[AdGuard Userscript Module] Page tries to run userscript second time", source: https://local.adguard.org/?ts=1596090911043&name=AdGuard%20Popup%20Blocker&name=AdGuard%20Assistant&name=AdGuard%20Extra&type=user-script&_=1596107946715 (3)
[11268:12384:0730/141907.278:INFO:CONSOLE(3)] "[AdGuard Userscript Module] Page tries to run userscript second time", source: https://local.adguard.org/?ts=1596090911043&name=AdGuard%20Popup%20Blocker&name=AdGuard%20Assistant&name=AdGuard%20Extra&type=user-script&_=1596107946715 (3)
[11268:12384:0730/141907.301:INFO:CONSOLE(3)] "[AdGuard Userscript Module] Page tries to run userscript second time", source: https://local.adguard.org/?ts=1596090911043&name=AdGuard%20Popup%20Blocker&name=AdGuard%20Assistant&name=AdGuard%20Extra&type=user-script&_=1596107946693 (3)
[11268:12384:0730/141907.301:INFO:CONSOLE(3)] "[AdGuard Userscript Module] Page tries to run userscript second time", source: https://local.adguard.org/?ts=1596090911043&name=AdGuard%20Popup%20Blocker&name=AdGuard%20Assistant&name=AdGuard%20Extra&type=user-script&_=1596107946693 (3)
[11268:12384:0730/141907.301:INFO:CONSOLE(3)] "[AdGuard Userscript Module] Page tries to run userscript second time", source: https://local.adguard.org/?ts=1596090911043&name=AdGuard%20Popup%20Blocker&name=AdGuard%20Assistant&name=AdGuard%20Extra&type=user-script&_=1596107946693 (3)
[11268:12384:0730/141907.996:INFO:CONSOLE(0)] "A cookie associated with a cross-site resource at http://aliexpress.com/ was set without the `SameSite` attribute. A future release of Chrome will only deliver cookies with cross-site requests if they are set with `SameSite=None` and `Secure`. You can review cookies in developer tools under Application>Storage>Cookies and see more details at https://www.chromestatus.com/feature/5088147346030592 and https://www.chromestatus.com/feature/5633521622188032.", source: https://aliexpress.ru/ (0)
[11268:12384:0730/141908.046:INFO:CONSOLE(2)] "chrome.loadTimes() is deprecated, instead use standardized API: Paint Timing. https://www.chromestatus.com/features/5637885046816768.", source: https://assets.alicdn.com/g/alilog/aplus_plugin_xwj/index.js?t=221681 (2)
[11268:12384:0730/141909.335:INFO:CONSOLE(12)] "xmanConfig [object Object]", source: https://assets.alicdn.com/g/??AE-RU/privacy-policy-banner/main.js,ae-ru/aer-gtm/main.js,code/npm/@alife/nano-batman-dialog/1.0.5/batman-dialog.js (12)
[11268:12384:0730/141909.511:INFO:CONSOLE(0)] "A cookie associated with a cross-site resource at http://passport.aliexpress.com/ was set without the `SameSite` attribute. A future release of Chrome will only deliver cookies with cross-site requests if they are set with `SameSite=None` and `Secure`. You can review cookies in developer tools under Application>Storage>Cookies and see more details at https://www.chromestatus.com/feature/5088147346030592 and https://www.chromestatus.com/feature/5633521622188032.", source: https://aliexpress.ru/ (0)
[11268:12384:0730/141909.979:INFO:CONSOLE(0)] "[DOM] Input elements should have autocomplete attributes (suggested: "current-password"): (More info: https://goo.gl/9p2vKq) %o", source: https://passport.aliexpress.com/mini_login.htm?lang=ru_RU&appName=aebuyer&appEntrance=default&styleType=auto&bizParams=&notLoadSsoView=false&notKeepLogin=true&isMobile=false&cssUrl=https://g.alicdn.com/ae/glologin-ui/0.0.15/reset-havana-new-page.css&showMobilePwdLogin=true&defaultCountryCode=RU&rnd=0.9519892884246761 (0)
[11268:10568:0730/141909.979:INFO:login_database.cc(1403)] Password decryption failed, encryption_result is 1
[11268:12384:0730/141910.171:INFO:CONSOLE(6)] "", source: https://aeis.alicdn.com/AWSC/WebUMID/1.82.0/um.js (6)
[11268:12384:0730/141910.268:INFO:CONSOLE(3)] "The deviceorientation events are blocked by feature policy. See https://github.com/WICG/feature-policy/blob/master/features.md#sensor-features", source: https://g.alicdn.com/AWSC/uab/1.133.0/collina.js (3)
[11268:12384:0730/141911.087:INFO:CONSOLE(1)] "The deviceorientation events are blocked by feature policy. See https://github.com/WICG/feature-policy/blob/master/features.md#sensor-features", source: https://g.alicdn.com/secdev/sufei_data/3.9.0/index.js (1)
[11268:12384:0730/141911.100:INFO:CONSOLE(1)] "The deviceorientation events are blocked by feature policy. See https://github.com/WICG/feature-policy/blob/master/features.md#sensor-features", source: https://g.alicdn.com/secdev/nsv/1.0.78/ns_e_88_3_f.js (1)
[11268:12384:0730/141911.869:INFO:CONSOLE(3)] "", source: https://g.alicdn.com/AWSC/uab/1.133.0/collina.js (3)
[11268:12384:0730/141912.090:INFO:CONSOLE(3)] "", source: https://g.alicdn.com/AWSC/uab/1.133.0/collina.js (3)
[11268:12384:0730/141912.158:INFO:CONSOLE(3)] "", source: https://g.alicdn.com/AWSC/uab/1.133.0/collina.js (3)
[11268:12384:0730/141913.637:INFO:CONSOLE(0)] "A cookie associated with a cross-site resource at http://tmall.ru/ was set without the `SameSite` attribute. A future release of Chrome will only deliver cookies with cross-site requests if they are set with `SameSite=None` and `Secure`. You can review cookies in developer tools under Application>Storage>Cookies and see more details at https://www.chromestatus.com/feature/5088147346030592 and https://www.chromestatus.com/feature/5633521622188032.", source: https://aliexpress.ru/ (0)
[11268:12384:0730/141914.198:INFO:CONSOLE(0)] "A cookie associated with a cross-site resource at http://passport.alibaba.com/ was set without the `SameSite` attribute. A future release of Chrome will only deliver cookies with cross-site requests if they are set with `SameSite=None` and `Secure`. You can review cookies in developer tools under Application>Storage>Cookies and see more details at https://www.chromestatus.com/feature/5088147346030592 and https://www.chromestatus.com/feature/5633521622188032.", source: https://aliexpress.ru/ (0)
[11268:12384:0730/141914.932:INFO:CONSOLE(0)] "A cookie associated with a cross-site resource at http://aliexpress.com/ was set without the `SameSite` attribute. A future release of Chrome will only deliver cookies with cross-site requests if they are set with `SameSite=None` and `Secure`. You can review cookies in developer tools under Application>Storage>Cookies and see more details at https://www.chromestatus.com/feature/5088147346030592 and https://www.chromestatus.com/feature/5633521622188032.", source: https://aliexpress.ru/ (0)
[11268:12384:0730/141914.995:INFO:CONSOLE(4)] "", source: https://aeu.alicdn.com/AWSC/uab/121.js?d=30 (4)
[11268:12384:0730/141916.014:INFO:CONSOLE(3)] "[AdGuard Userscript Module] Page tries to run userscript second time", source: https://local.adguard.org/?ts=1596090911043&name=AdGuard%20Popup%20Blocker&name=AdGuard%20Assistant&name=AdGuard%20Extra&type=user-script&_=1596107955546 (3)
[11268:12384:0730/141916.014:INFO:CONSOLE(3)] "[AdGuard Userscript Module] Page tries to run userscript second time", source: https://local.adguard.org/?ts=1596090911043&name=AdGuard%20Popup%20Blocker&name=AdGuard%20Assistant&name=AdGuard%20Extra&type=user-script&_=1596107955546 (3)
[11268:12384:0730/141916.014:INFO:CONSOLE(3)] "[AdGuard Userscript Module] Page tries to run userscript second time", source: https://local.adguard.org/?ts=1596090911043&name=AdGuard%20Popup%20Blocker&name=AdGuard%20Assistant&name=AdGuard%20Extra&type=user-script&_=1596107955546 (3)
[11268:12384:0730/141916.056:INFO:CONSOLE(3)] "[AdGuard Userscript Module] Page tries to run userscript second time", source: https://local.adguard.org/?ts=1596090911043&name=AdGuard%20Popup%20Blocker&name=AdGuard%20Assistant&name=AdGuard%20Extra&type=user-script&_=1596107955557 (3)
[11268:12384:0730/141916.056:INFO:CONSOLE(3)] "[AdGuard Userscript Module] Page tries to run userscript second time", source: https://local.adguard.org/?ts=1596090911043&name=AdGuard%20Popup%20Blocker&name=AdGuard%20Assistant&name=AdGuard%20Extra&type=user-script&_=1596107955557 (3)
[11268:12384:0730/141916.056:INFO:CONSOLE(3)] "[AdGuard Userscript Module] Page tries to run userscript second time", source: https://local.adguard.org/?ts=1596090911043&name=AdGuard%20Popup%20Blocker&name=AdGuard%20Assistant&name=AdGuard%20Extra&type=user-script&_=1596107955557 (3)
[11268:12384:0730/141917.135:INFO:CONSOLE(0)] "A cookie associated with a cross-site resource at http://aliexpress.com/ was set without the `SameSite` attribute. A future release of Chrome will only deliver cookies with cross-site requests if they are set with `SameSite=None` and `Secure`. You can review cookies in developer tools under Application>Storage>Cookies and see more details at https://www.chromestatus.com/feature/5088147346030592 and https://www.chromestatus.com/feature/5633521622188032.", source: https://msg.aliexpress.ru/?spm=a2g0o.home.01010.5.75df5c98SxlZsj (0)
[11268:12384:0730/141917.251:INFO:CONSOLE(2)] "lang,ru", source: https://g.alicdn.com/lzd-components/im-ae-buyer/0.0.19/window.js (2)
[11268:12384:0730/141918.432:INFO:CONSOLE(2)] "sessionListUpdate", source: https://g.alicdn.com/lzd-components/im-ae-buyer/0.0.19/window.js (2)
[11268:12384:0730/141918.600:INFO:CONSOLE(2)] "服务器与本地时间差 -> -581", source: https://g.alicdn.com/lzd-components/im-ae-buyer/0.0.19/window.js (2)
[11268:12384:0730/141918.805:INFO:CONSOLE(0)] "A cookie associated with a cross-site resource at http://aliexpress.com/ was set without the `SameSite` attribute. A future release of Chrome will only deliver cookies with cross-site requests if they are set with `SameSite=None` and `Secure`. You can review cookies in developer tools under Application>Storage>Cookies and see more details at https://www.chromestatus.com/feature/5088147346030592 and https://www.chromestatus.com/feature/5633521622188032.", source: https://msg.aliexpress.ru/buyerMsgList.htm (0)
[11268:12384:0730/141919.026:INFO:CONSOLE(2)] "sessionListUpdate", source: https://g.alicdn.com/lzd-components/im-ae-buyer/0.0.19/window.js (2)
[11268:12384:0730/141919.220:INFO:CONSOLE(2)] "translate_tips = Напишите первым!", source: https://g.alicdn.com/lzd-components/im-ae-buyer/0.0.19/window.js (2)
[11268:12384:0730/141919.224:INFO:CONSOLE(2)] "passedSellerId = ", source: https://g.alicdn.com/lzd-components/im-ae-buyer/0.0.19/window.js (2)
[11268:12384:0730/141919.224:INFO:CONSOLE(2)] "passedOrderId = ", source: https://g.alicdn.com/lzd-components/im-ae-buyer/0.0.19/window.js (2)
[11268:12384:0730/141919.224:INFO:CONSOLE(2)] "passedProductId = ", source: https://g.alicdn.com/lzd-components/im-ae-buyer/0.0.19/window.js (2)
[11268:12384:0730/141919.225:INFO:CONSOLE(2)] "passedMessageType = member", source: https://g.alicdn.com/lzd-components/im-ae-buyer/0.0.19/window.js (2)
[11268:12384:0730/141919.226:INFO:CONSOLE(2)] "passedSellerId = ", source: https://g.alicdn.com/lzd-components/im-ae-buyer/0.0.19/window.js (2)
[11268:12384:0730/141919.227:INFO:CONSOLE(2)] "passedOrderId = ", source: https://g.alicdn.com/lzd-components/im-ae-buyer/0.0.19/window.js (2)
[11268:12384:0730/141919.227:INFO:CONSOLE(2)] "passedProductId = ", source: https://g.alicdn.com/lzd-components/im-ae-buyer/0.0.19/window.js (2)
[11268:12384:0730/141919.228:INFO:CONSOLE(2)] "passedMessageType = member", source: https://g.alicdn.com/lzd-components/im-ae-buyer/0.0.19/window.js (2)
[11268:12384:0730/141919.229:INFO:CONSOLE(2)] "passedSellerId = ", source: https://g.alicdn.com/lzd-components/im-ae-buyer/0.0.19/window.js (2)
[11268:12384:0730/141919.230:INFO:CONSOLE(2)] "passedOrderId = ", source: https://g.alicdn.com/lzd-components/im-ae-buyer/0.0.19/window.js (2)
[11268:12384:0730/141919.230:INFO:CONSOLE(2)] "passedProductId = ", source: https://g.alicdn.com/lzd-components/im-ae-buyer/0.0.19/window.js (2)
[11268:12384:0730/141919.231:INFO:CONSOLE(2)] "passedMessageType = member", source: https://g.alicdn.com/lzd-components/im-ae-buyer/0.0.19/window.js (2)
[11268:12384:0730/141919.374:INFO:CONSOLE(2)] "sessionListUpdate", source: https://g.alicdn.com/lzd-components/im-ae-buyer/0.0.19/window.js (2)
[11268:12384:0730/141919.380:INFO:CONSOLE(2)] "全部初始化完成", source: https://g.alicdn.com/lzd-components/im-ae-buyer/0.0.19/window.js (2)
[11268:12384:0730/141920.053:INFO:CONSOLE(2)] "accs 连接成功 0", source: https://g.alicdn.com/lzd-components/im-ae-buyer/0.0.19/window.js (2)
[11268:13372:0730/141920.621:INFO:login_database.cc(1403)] Password decryption failed, encryption_result is 1
[11268:12384:0730/141920.725:INFO:CONSOLE(0)] "A cookie associated with a cross-site resource at http://aliexpress.com/ was set without the `SameSite` attribute. A future release of Chrome will only deliver cookies with cross-site requests if they are set with `SameSite=None` and `Secure`. You can review cookies in developer tools under Application>Storage>Cookies and see more details at https://www.chromestatus.com/feature/5088147346030592 and https://www.chromestatus.com/feature/5633521622188032.", source: https://msg.aliexpress.ru/buyerMsgList.htm?currentPage=9999&_csrf=iey_nws7kou2 (0)
[11268:12384:0730/141921.725:WARNING:pref_notifier_impl.cc(40)] Pref observer for media_router.cast_allow_all_ips found at shutdown.
